\BOOKMARK [0][-]{chapter.1}{\376\377\0001\000\040\000D\000a\000t\000a\000\040\000S\000t\000r\000u\000c\000t\000u\000r\000e\000\040\000I\000n\000d\000e\000x}{}% 1
\BOOKMARK [1][-]{section.1.1}{\376\377\0001\000.\0001\000\040\000D\000a\000t\000a\000\040\000S\000t\000r\000u\000c\000t\000u\000r\000e\000s}{chapter.1}% 2
\BOOKMARK [0][-]{chapter.2}{\376\377\0002\000\040\000F\000i\000l\000e\000\040\000I\000n\000d\000e\000x}{}% 3
\BOOKMARK [1][-]{section.2.1}{\376\377\0002\000.\0001\000\040\000F\000i\000l\000e\000\040\000L\000i\000s\000t}{chapter.2}% 4
\BOOKMARK [0][-]{chapter.3}{\376\377\0003\000\040\000D\000a\000t\000a\000\040\000S\000t\000r\000u\000c\000t\000u\000r\000e\000\040\000D\000o\000c\000u\000m\000e\000n\000t\000a\000t\000i\000o\000n}{}% 5
\BOOKMARK [1][-]{section.3.1}{\376\377\0003\000.\0001\000\040\000b\000r\000a\000n\000c\000h\000\040\000S\000t\000r\000u\000c\000t\000\040\000R\000e\000f\000e\000r\000e\000n\000c\000e}{chapter.3}% 6
\BOOKMARK [1][-]{section.3.2}{\376\377\0003\000.\0002\000\040\000c\000u\000s\000t\000o\000m\000e\000r\000\040\000S\000t\000r\000u\000c\000t\000\040\000R\000e\000f\000e\000r\000e\000n\000c\000e}{chapter.3}% 7
\BOOKMARK [1][-]{section.3.3}{\376\377\0003\000.\0003\000\040\000d\000b\000l\000\137\000o\000p\000\040\000S\000t\000r\000u\000c\000t\000\040\000R\000e\000f\000e\000r\000e\000n\000c\000e}{chapter.3}% 8
\BOOKMARK [1][-]{section.3.4}{\376\377\0003\000.\0004\000\040\000f\000u\000l\000l\000\137\000s\000a\000l\000e\000s\000\040\000S\000t\000r\000u\000c\000t\000\040\000R\000e\000f\000e\000r\000e\000n\000c\000e}{chapter.3}% 9
\BOOKMARK [1][-]{section.3.5}{\376\377\0003\000.\0005\000\040\000h\000e\000a\000d\000\040\000S\000t\000r\000u\000c\000t\000\040\000R\000e\000f\000e\000r\000e\000n\000c\000e}{chapter.3}% 10
\BOOKMARK [1][-]{section.3.6}{\376\377\0003\000.\0006\000\040\000l\000e\000a\000s\000e\000\137\000s\000a\000l\000e\000s\000\040\000S\000t\000r\000u\000c\000t\000\040\000R\000e\000f\000e\000r\000e\000n\000c\000e}{chapter.3}% 11
\BOOKMARK [1][-]{section.3.7}{\376\377\0003\000.\0007\000\040\000l\000o\000a\000n\000\137\000s\000a\000l\000e\000s\000\040\000S\000t\000r\000u\000c\000t\000\040\000R\000e\000f\000e\000r\000e\000n\000c\000e}{chapter.3}% 12
\BOOKMARK [1][-]{section.3.8}{\376\377\0003\000.\0008\000\040\000m\000a\000c\000h\000i\000n\000e\000\137\000i\000n\000s\000t\000\040\000S\000t\000r\000u\000c\000t\000\040\000R\000e\000f\000e\000r\000e\000n\000c\000e}{chapter.3}% 13
\BOOKMARK [1][-]{section.3.9}{\376\377\0003\000.\0009\000\040\000m\000i\000s\000c\000\040\000S\000t\000r\000u\000c\000t\000\040\000R\000e\000f\000e\000r\000e\000n\000c\000e}{chapter.3}% 14
\BOOKMARK [1][-]{section.3.10}{\376\377\0003\000.\0001\0000\000\040\000N\000o\000d\000e\000\040\000S\000t\000r\000u\000c\000t\000\040\000R\000e\000f\000e\000r\000e\000n\000c\000e}{chapter.3}% 15
\BOOKMARK [2][-]{subsection.3.10.1}{\376\377\0003\000.\0001\0000\000.\0001\000\040\000D\000e\000t\000a\000i\000l\000e\000d\000\040\000D\000e\000s\000c\000r\000i\000p\000t\000i\000o\000n}{section.3.10}% 16
\BOOKMARK [2][-]{subsection.3.10.2}{\376\377\0003\000.\0001\0000\000.\0002\000\040\000F\000i\000e\000l\000d\000\040\000D\000o\000c\000u\000m\000e\000n\000t\000a\000t\000i\000o\000n}{section.3.10}% 17
\BOOKMARK [3][-]{subsubsection.3.10.2.1}{\376\377\0003\000.\0001\0000\000.\0002\000.\0001\000\040\000l\000e\000t\000t\000e\000r}{subsection.3.10.2}% 18
\BOOKMARK [3][-]{subsubsection.3.10.2.2}{\376\377\0003\000.\0001\0000\000.\0002\000.\0002\000\040\000n\000e\000x\000t}{subsection.3.10.2}% 19
\BOOKMARK [3][-]{subsubsection.3.10.2.3}{\376\377\0003\000.\0001\0000\000.\0002\000.\0003\000\040\000w\000o\000r\000d\000s}{subsection.3.10.2}% 20
\BOOKMARK [1][-]{section.3.11}{\376\377\0003\000.\0001\0001\000\040\000N\000O\000D\000E\000\040\000S\000t\000r\000u\000c\000t\000\040\000R\000e\000f\000e\000r\000e\000n\000c\000e}{chapter.3}% 21
\BOOKMARK [1][-]{section.3.12}{\376\377\0003\000.\0001\0002\000\040\000q\000u\000e\000u\000e\000\040\000S\000t\000r\000u\000c\000t\000\040\000R\000e\000f\000e\000r\000e\000n\000c\000e}{chapter.3}% 22
\BOOKMARK [1][-]{section.3.13}{\376\377\0003\000.\0001\0003\000\040\000r\000e\000g\000\137\000s\000r\000c\000\040\000S\000t\000r\000u\000c\000t\000\040\000R\000e\000f\000e\000r\000e\000n\000c\000e}{chapter.3}% 23
\BOOKMARK [1][-]{section.3.14}{\376\377\0003\000.\0001\0004\000\040\000s\000q\000l\000\137\000o\000p\000\040\000S\000t\000r\000u\000c\000t\000\040\000R\000e\000f\000e\000r\000e\000n\000c\000e}{chapter.3}% 24
\BOOKMARK [1][-]{section.3.15}{\376\377\0003\000.\0001\0005\000\040\000W\000o\000r\000d\000N\000o\000d\000e\000\040\000S\000t\000r\000u\000c\000t\000\040\000R\000e\000f\000e\000r\000e\000n\000c\000e}{chapter.3}% 25
\BOOKMARK [2][-]{subsection.3.15.1}{\376\377\0003\000.\0001\0005\000.\0001\000\040\000D\000e\000t\000a\000i\000l\000e\000d\000\040\000D\000e\000s\000c\000r\000i\000p\000t\000i\000o\000n}{section.3.15}% 26
\BOOKMARK [2][-]{subsection.3.15.2}{\376\377\0003\000.\0001\0005\000.\0002\000\040\000F\000i\000e\000l\000d\000\040\000D\000o\000c\000u\000m\000e\000n\000t\000a\000t\000i\000o\000n}{section.3.15}% 27
\BOOKMARK [3][-]{subsubsection.3.15.2.1}{\376\377\0003\000.\0001\0005\000.\0002\000.\0001\000\040\000n\000e\000x\000t}{subsection.3.15.2}% 28
\BOOKMARK [3][-]{subsubsection.3.15.2.2}{\376\377\0003\000.\0001\0005\000.\0002\000.\0002\000\040\000w\000o\000r\000d}{subsection.3.15.2}% 29
\BOOKMARK [0][-]{chapter.4}{\376\377\0004\000\040\000F\000i\000l\000e\000\040\000D\000o\000c\000u\000m\000e\000n\000t\000a\000t\000i\000o\000n}{}% 30
\BOOKMARK [1][-]{section.4.1}{\376\377\0004\000.\0001\000\040\000a\000r\000r\000a\000y\000.\000c\000\040\000F\000i\000l\000e\000\040\000R\000e\000f\000e\000r\000e\000n\000c\000e}{chapter.4}% 31
\BOOKMARK [2][-]{subsection.4.1.1}{\376\377\0004\000.\0001\000.\0001\000\040\000D\000e\000t\000a\000i\000l\000e\000d\000\040\000D\000e\000s\000c\000r\000i\000p\000t\000i\000o\000n}{section.4.1}% 32
\BOOKMARK [1][-]{section.4.2}{\376\377\0004\000.\0002\000\040\000B\000i\000n\000a\000r\000y\000\137\000i\000n\000v\000e\000r\000s\000i\000o\000n\000.\000c\000\040\000F\000i\000l\000e\000\040\000R\000e\000f\000e\000r\000e\000n\000c\000e}{chapter.4}% 33
\BOOKMARK [2][-]{subsection.4.2.1}{\376\377\0004\000.\0002\000.\0001\000\040\000D\000e\000t\000a\000i\000l\000e\000d\000\040\000D\000e\000s\000c\000r\000i\000p\000t\000i\000o\000n}{section.4.2}% 34
\BOOKMARK [1][-]{section.4.3}{\376\377\0004\000.\0003\000\040\000b\000i\000t\000\137\000s\000e\000g\000m\000e\000n\000t\000.\000c\000\040\000F\000i\000l\000e\000\040\000R\000e\000f\000e\000r\000e\000n\000c\000e}{chapter.4}% 35
\BOOKMARK [2][-]{subsection.4.3.1}{\376\377\0004\000.\0003\000.\0001\000\040\000D\000e\000t\000a\000i\000l\000e\000d\000\040\000D\000e\000s\000c\000r\000i\000p\000t\000i\000o\000n}{section.4.3}% 36
\BOOKMARK [1][-]{section.4.4}{\376\377\0004\000.\0004\000\040\000c\000o\000p\000y\000\137\000n\000.\000c\000\040\000F\000i\000l\000e\000\040\000R\000e\000f\000e\000r\000e\000n\000c\000e}{chapter.4}% 37
\BOOKMARK [2][-]{subsection.4.4.1}{\376\377\0004\000.\0004\000.\0001\000\040\000D\000e\000t\000a\000i\000l\000e\000d\000\040\000D\000e\000s\000c\000r\000i\000p\000t\000i\000o\000n}{section.4.4}% 38
\BOOKMARK [1][-]{section.4.5}{\376\377\0004\000.\0005\000\040\000c\000o\000u\000n\000t\000\137\000s\000t\000r\000.\000c\000\040\000F\000i\000l\000e\000\040\000R\000e\000f\000e\000r\000e\000n\000c\000e}{chapter.4}% 39
\BOOKMARK [2][-]{subsection.4.5.1}{\376\377\0004\000.\0005\000.\0001\000\040\000D\000e\000t\000a\000i\000l\000e\000d\000\040\000D\000e\000s\000c\000r\000i\000p\000t\000i\000o\000n}{section.4.5}% 40
\BOOKMARK [1][-]{section.4.6}{\376\377\0004\000.\0006\000\040\000c\000p\000u\000\137\000t\000y\000p\000e\000.\000h}{chapter.4}% 41
\BOOKMARK [1][-]{section.4.7}{\376\377\0004\000.\0007\000\040\000d\000e\000f\000.\000c\000\040\000F\000i\000l\000e\000\040\000R\000e\000f\000e\000r\000e\000n\000c\000e}{chapter.4}% 42
\BOOKMARK [2][-]{subsection.4.7.1}{\376\377\0004\000.\0007\000.\0001\000\040\000D\000e\000t\000a\000i\000l\000e\000d\000\040\000D\000e\000s\000c\000r\000i\000p\000t\000i\000o\000n}{section.4.7}% 43
\BOOKMARK [1][-]{section.4.8}{\376\377\0004\000.\0008\000\040\000d\000e\000f\000\137\000b\000.\000c\000\040\000F\000i\000l\000e\000\040\000R\000e\000f\000e\000r\000e\000n\000c\000e}{chapter.4}% 44
\BOOKMARK [2][-]{subsection.4.8.1}{\376\377\0004\000.\0008\000.\0001\000\040\000D\000e\000t\000a\000i\000l\000e\000d\000\040\000D\000e\000s\000c\000r\000i\000p\000t\000i\000o\000n}{section.4.8}% 45
\BOOKMARK [1][-]{section.4.9}{\376\377\0004\000.\0009\000\040\000d\000e\000l\000\137\000s\000u\000b\000s\000t\000r\000.\000c\000\040\000F\000i\000l\000e\000\040\000R\000e\000f\000e\000r\000e\000n\000c\000e}{chapter.4}% 46
\BOOKMARK [2][-]{subsection.4.9.1}{\376\377\0004\000.\0009\000.\0001\000\040\000D\000e\000t\000a\000i\000l\000e\000d\000\040\000D\000e\000s\000c\000r\000i\000p\000t\000i\000o\000n}{section.4.9}% 47
\BOOKMARK [2][-]{subsection.4.9.2}{\376\377\0004\000.\0009\000.\0002\000\040\000F\000u\000n\000c\000t\000i\000o\000n\000\040\000D\000o\000c\000u\000m\000e\000n\000t\000a\000t\000i\000o\000n}{section.4.9}% 48
\BOOKMARK [3][-]{subsubsection.4.9.2.1}{\376\377\0004\000.\0009\000.\0002\000.\0001\000\040\000d\000e\000l\000\137\000s\000u\000b\000s\000t\000r\000\050\000\051}{subsection.4.9.2}% 49
\BOOKMARK [1][-]{section.4.10}{\376\377\0004\000.\0001\0000\000\040\000D\000i\000g\000i\000t\000\137\000g\000r\000o\000u\000p\000.\000c\000\040\000F\000i\000l\000e\000\040\000R\000e\000f\000e\000r\000e\000n\000c\000e}{chapter.4}% 50
\BOOKMARK [2][-]{subsection.4.10.1}{\376\377\0004\000.\0001\0000\000.\0001\000\040\000D\000e\000t\000a\000i\000l\000e\000d\000\040\000D\000e\000s\000c\000r\000i\000p\000t\000i\000o\000n}{section.4.10}% 51
\BOOKMARK [1][-]{section.4.11}{\376\377\0004\000.\0001\0001\000\040\000e\000i\000g\000h\000t\000\137\000q\000u\000e\000e\000n\000\137\000q\000u\000e\000s\000t\000i\000o\000n\000.\000c\000\040\000F\000i\000l\000e\000\040\000R\000e\000f\000e\000r\000e\000n\000c\000e}{chapter.4}% 52
\BOOKMARK [2][-]{subsection.4.11.1}{\376\377\0004\000.\0001\0001\000.\0001\000\040\000D\000e\000t\000a\000i\000l\000e\000d\000\040\000D\000e\000s\000c\000r\000i\000p\000t\000i\000o\000n}{section.4.11}% 53
\BOOKMARK [1][-]{section.4.12}{\376\377\0004\000.\0001\0002\000\040\000f\000a\000m\000i\000l\000y\000\137\000a\000g\000e\000.\000c\000\040\000F\000i\000l\000e\000\040\000R\000e\000f\000e\000r\000e\000n\000c\000e}{chapter.4}% 54
\BOOKMARK [2][-]{subsection.4.12.1}{\376\377\0004\000.\0001\0002\000.\0001\000\040\000D\000e\000t\000a\000i\000l\000e\000d\000\040\000D\000e\000s\000c\000r\000i\000p\000t\000i\000o\000n}{section.4.12}% 55
\BOOKMARK [1][-]{section.4.13}{\376\377\0004\000.\0001\0003\000\040\000f\000g\000r\000e\000p\000.\000c\000\040\000F\000i\000l\000e\000\040\000R\000e\000f\000e\000r\000e\000n\000c\000e}{chapter.4}% 56
\BOOKMARK [2][-]{subsection.4.13.1}{\376\377\0004\000.\0001\0003\000.\0001\000\040\000D\000e\000t\000a\000i\000l\000e\000d\000\040\000D\000e\000s\000c\000r\000i\000p\000t\000i\000o\000n}{section.4.13}% 57
\BOOKMARK [2][-]{subsection.4.13.2}{\376\377\0004\000.\0001\0003\000.\0002\000\040\000F\000u\000n\000c\000t\000i\000o\000n\000\040\000D\000o\000c\000u\000m\000e\000n\000t\000a\000t\000i\000o\000n}{section.4.13}% 58
\BOOKMARK [3][-]{subsubsection.4.13.2.1}{\376\377\0004\000.\0001\0003\000.\0002\000.\0001\000\040\000c\000m\000p\000\137\000s\000t\000r\000\050\000\051}{subsection.4.13.2}% 59
\BOOKMARK [3][-]{subsubsection.4.13.2.2}{\376\377\0004\000.\0001\0003\000.\0002\000.\0002\000\040\000m\000a\000i\000n\000\050\000\051}{subsection.4.13.2}% 60
\BOOKMARK [3][-]{subsubsection.4.13.2.3}{\376\377\0004\000.\0001\0003\000.\0002\000.\0003\000\040\000p\000r\000i\000n\000t\000\137\000s\000t\000r\000\050\000\051}{subsection.4.13.2}% 61
\BOOKMARK [1][-]{section.4.14}{\376\377\0004\000.\0001\0004\000\040\000f\000i\000r\000s\000t\000.\000c\000\040\000F\000i\000l\000e\000\040\000R\000e\000f\000e\000r\000e\000n\000c\000e}{chapter.4}% 62
\BOOKMARK [2][-]{subsection.4.14.1}{\376\377\0004\000.\0001\0004\000.\0001\000\040\000D\000e\000t\000a\000i\000l\000e\000d\000\040\000D\000e\000s\000c\000r\000i\000p\000t\000i\000o\000n}{section.4.14}% 63
\BOOKMARK [2][-]{subsection.4.14.2}{\376\377\0004\000.\0001\0004\000.\0002\000\040\000F\000u\000n\000c\000t\000i\000o\000n\000\040\000D\000o\000c\000u\000m\000e\000n\000t\000a\000t\000i\000o\000n}{section.4.14}% 64
\BOOKMARK [3][-]{subsubsection.4.14.2.1}{\376\377\0004\000.\0001\0004\000.\0002\000.\0001\000\040\000m\000a\000i\000n\000\050\000\051}{subsection.4.14.2}% 65
\BOOKMARK [3][-]{subsubsection.4.14.2.2}{\376\377\0004\000.\0001\0004\000.\0002\000.\0002\000\040\000r\000e\000a\000d\000\137\000c\000o\000l\000u\000m\000n\000\137\000n\000u\000m\000b\000e\000r\000s\000\050\000\051}{subsection.4.14.2}% 66
\BOOKMARK [3][-]{subsubsection.4.14.2.3}{\376\377\0004\000.\0001\0004\000.\0002\000.\0003\000\040\000r\000e\000a\000r\000r\000a\000n\000g\000e\000\050\000\051}{subsection.4.14.2}% 67
\BOOKMARK [1][-]{section.4.15}{\376\377\0004\000.\0001\0005\000\040\000f\000u\000n\000c\000t\000i\000o\000n\000\137\000l\000a\000s\000t\000.\000c\000\040\000F\000i\000l\000e\000\040\000R\000e\000f\000e\000r\000e\000n\000c\000e}{chapter.4}% 68
\BOOKMARK [2][-]{subsection.4.15.1}{\376\377\0004\000.\0001\0005\000.\0001\000\040\000D\000e\000t\000a\000i\000l\000e\000d\000\040\000D\000e\000s\000c\000r\000i\000p\000t\000i\000o\000n}{section.4.15}% 69
\BOOKMARK [2][-]{subsection.4.15.2}{\376\377\0004\000.\0001\0005\000.\0002\000\040\000F\000u\000n\000c\000t\000i\000o\000n\000\040\000D\000o\000c\000u\000m\000e\000n\000t\000a\000t\000i\000o\000n}{section.4.15}% 70
\BOOKMARK [3][-]{subsubsection.4.15.2.1}{\376\377\0004\000.\0001\0005\000.\0002\000.\0001\000\040\000s\000o\000r\000t\000\050\000\051}{subsection.4.15.2}% 71
\BOOKMARK [1][-]{section.4.16}{\376\377\0004\000.\0001\0006\000\040\000g\000c\000d\000.\000c\000\040\000F\000i\000l\000e\000\040\000R\000e\000f\000e\000r\000e\000n\000c\000e}{chapter.4}% 72
\BOOKMARK [2][-]{subsection.4.16.1}{\376\377\0004\000.\0001\0006\000.\0001\000\040\000D\000e\000t\000a\000i\000l\000e\000d\000\040\000D\000e\000s\000c\000r\000i\000p\000t\000i\000o\000n}{section.4.16}% 73
\BOOKMARK [1][-]{section.4.17}{\376\377\0004\000.\0001\0007\000\040\000g\000e\000t\000s\000\137\000s\000t\000r\000i\000n\000g\000.\000c\000\040\000F\000i\000l\000e\000\040\000R\000e\000f\000e\000r\000e\000n\000c\000e}{chapter.4}% 74
\BOOKMARK [2][-]{subsection.4.17.1}{\376\377\0004\000.\0001\0007\000.\0001\000\040\000D\000e\000t\000a\000i\000l\000e\000d\000\040\000D\000e\000s\000c\000r\000i\000p\000t\000i\000o\000n}{section.4.17}% 75
\BOOKMARK [1][-]{section.4.18}{\376\377\0004\000.\0001\0008\000\040\000i\000d\000e\000n\000t\000i\000t\000y\000.\000c\000\040\000F\000i\000l\000e\000\040\000R\000e\000f\000e\000r\000e\000n\000c\000e}{chapter.4}% 76
\BOOKMARK [2][-]{subsection.4.18.1}{\376\377\0004\000.\0001\0008\000.\0001\000\040\000D\000e\000t\000a\000i\000l\000e\000d\000\040\000D\000e\000s\000c\000r\000i\000p\000t\000i\000o\000n}{section.4.18}% 77
\BOOKMARK [1][-]{section.4.19}{\376\377\0004\000.\0001\0009\000\040\000k\000e\000y\000\137\000e\000n\000c\000o\000d\000e\000.\000c\000\040\000F\000i\000l\000e\000\040\000R\000e\000f\000e\000r\000e\000n\000c\000e}{chapter.4}% 78
\BOOKMARK [2][-]{subsection.4.19.1}{\376\377\0004\000.\0001\0009\000.\0001\000\040\000D\000e\000t\000a\000i\000l\000e\000d\000\040\000D\000e\000s\000c\000r\000i\000p\000t\000i\000o\000n}{section.4.19}% 79
\BOOKMARK [2][-]{subsection.4.19.2}{\376\377\0004\000.\0001\0009\000.\0002\000\040\000F\000u\000n\000c\000t\000i\000o\000n\000\040\000D\000o\000c\000u\000m\000e\000n\000t\000a\000t\000i\000o\000n}{section.4.19}% 80
\BOOKMARK [3][-]{subsubsection.4.19.2.1}{\376\377\0004\000.\0001\0009\000.\0002\000.\0001\000\040\000p\000r\000e\000p\000a\000r\000e\000\137\000k\000e\000y\000\050\000\051}{subsection.4.19.2}% 81
\BOOKMARK [1][-]{section.4.20}{\376\377\0004\000.\0002\0000\000\040\000p\000o\000i\000n\000t\000\137\000s\000e\000v\000e\000n\000.\000c\000\040\000F\000i\000l\000e\000\040\000R\000e\000f\000e\000r\000e\000n\000c\000e}{chapter.4}% 82
\BOOKMARK [2][-]{subsection.4.20.1}{\376\377\0004\000.\0002\0000\000.\0001\000\040\000D\000e\000t\000a\000i\000l\000e\000d\000\040\000D\000e\000s\000c\000r\000i\000p\000t\000i\000o\000n}{section.4.20}% 83
\BOOKMARK [2][-]{subsection.4.20.2}{\376\377\0004\000.\0002\0000\000.\0002\000\040\000F\000u\000n\000c\000t\000i\000o\000n\000\040\000D\000o\000c\000u\000m\000e\000n\000t\000a\000t\000i\000o\000n}{section.4.20}% 84
\BOOKMARK [3][-]{subsubsection.4.20.2.1}{\376\377\0004\000.\0002\0000\000.\0002\000.\0001\000\040\000c\000l\000e\000a\000r\000I\000n\000d\000e\000x\000L\000i\000s\000t\000\050\000\051}{subsection.4.20.2}% 85
\BOOKMARK [3][-]{subsubsection.4.20.2.2}{\376\377\0004\000.\0002\0000\000.\0002\000.\0002\000\040\000i\000n\000s\000e\000r\000t\000W\000o\000r\000d\000T\000o\000L\000i\000s\000t\000\050\000\051}{subsection.4.20.2}% 86
\BOOKMARK [3][-]{subsubsection.4.20.2.3}{\376\377\0004\000.\0002\0000\000.\0002\000.\0003\000\040\000p\000r\000i\000n\000t\000I\000n\000d\000e\000x\000L\000i\000s\000t\000\050\000\051}{subsection.4.20.2}% 87
\BOOKMARK [1][-]{section.4.21}{\376\377\0004\000.\0002\0001\000\040\000p\000r\000i\000n\000t\000.\000c\000\040\000F\000i\000l\000e\000\040\000R\000e\000f\000e\000r\000e\000n\000c\000e}{chapter.4}% 88
\BOOKMARK [2][-]{subsection.4.21.1}{\376\377\0004\000.\0002\0001\000.\0001\000\040\000D\000e\000t\000a\000i\000l\000e\000d\000\040\000D\000e\000s\000c\000r\000i\000p\000t\000i\000o\000n}{section.4.21}% 89
\BOOKMARK [1][-]{section.4.22}{\376\377\0004\000.\0002\0002\000\040\000r\000a\000n\000d\000.\000c\000\040\000F\000i\000l\000e\000\040\000R\000e\000f\000e\000r\000e\000n\000c\000e}{chapter.4}% 90
\BOOKMARK [2][-]{subsection.4.22.1}{\376\377\0004\000.\0002\0002\000.\0001\000\040\000D\000e\000t\000a\000i\000l\000e\000d\000\040\000D\000e\000s\000c\000r\000i\000p\000t\000i\000o\000n}{section.4.22}% 91
\BOOKMARK [1][-]{section.4.23}{\376\377\0004\000.\0002\0003\000\040\000s\000i\000m\000p\000l\000e\000\137\000d\000a\000t\000a\000\137\000s\000t\000r\000u\000c\000t\000u\000r\000e\000.\000c\000\040\000F\000i\000l\000e\000\040\000R\000e\000f\000e\000r\000e\000n\000c\000e}{chapter.4}% 92
\BOOKMARK [2][-]{subsection.4.23.1}{\376\377\0004\000.\0002\0003\000.\0001\000\040\000D\000e\000t\000a\000i\000l\000e\000d\000\040\000D\000e\000s\000c\000r\000i\000p\000t\000i\000o\000n}{section.4.23}% 93
\BOOKMARK [1][-]{section.4.24}{\376\377\0004\000.\0002\0004\000\040\000s\000i\000n\000g\000l\000y\000\137\000l\000i\000n\000k\000e\000d\000\137\000n\000o\000d\000e\000.\000h}{chapter.4}% 94
\BOOKMARK [1][-]{section.4.25}{\376\377\0004\000.\0002\0005\000\040\000s\000l\000l\000\137\000r\000e\000m\000o\000v\000e\000.\000c\000\040\000F\000i\000l\000e\000\040\000R\000e\000f\000e\000r\000e\000n\000c\000e}{chapter.4}% 95
\BOOKMARK [2][-]{subsection.4.25.1}{\376\377\0004\000.\0002\0005\000.\0001\000\040\000D\000e\000t\000a\000i\000l\000e\000d\000\040\000D\000e\000s\000c\000r\000i\000p\000t\000i\000o\000n}{section.4.25}% 96
\BOOKMARK [2][-]{subsection.4.25.2}{\376\377\0004\000.\0002\0005\000.\0002\000\040\000F\000u\000n\000c\000t\000i\000o\000n\000\040\000D\000o\000c\000u\000m\000e\000n\000t\000a\000t\000i\000o\000n}{section.4.25}% 97
\BOOKMARK [3][-]{subsubsection.4.25.2.1}{\376\377\0004\000.\0002\0005\000.\0002\000.\0001\000\040\000p\000r\000i\000n\000t\000L\000i\000s\000t\000\050\000\051}{subsection.4.25.2}% 98
\BOOKMARK [3][-]{subsubsection.4.25.2.2}{\376\377\0004\000.\0002\0005\000.\0002\000.\0002\000\040\000s\000l\000l\000\137\000r\000e\000m\000o\000v\000e\000\050\000\051}{subsection.4.25.2}% 99
\BOOKMARK [1][-]{section.4.26}{\376\377\0004\000.\0002\0006\000\040\000s\000p\000a\000c\000e\000\137\000o\000n\000l\000y\000.\000c\000\040\000F\000i\000l\000e\000\040\000R\000e\000f\000e\000r\000e\000n\000c\000e}{chapter.4}% 100
\BOOKMARK [2][-]{subsection.4.26.1}{\376\377\0004\000.\0002\0006\000.\0001\000\040\000D\000e\000t\000a\000i\000l\000e\000d\000\040\000D\000e\000s\000c\000r\000i\000p\000t\000i\000o\000n}{section.4.26}% 101
\BOOKMARK [2][-]{subsection.4.26.2}{\376\377\0004\000.\0002\0006\000.\0002\000\040\000F\000u\000n\000c\000t\000i\000o\000n\000\040\000D\000o\000c\000u\000m\000e\000n\000t\000a\000t\000i\000o\000n}{section.4.26}% 102
\BOOKMARK [3][-]{subsubsection.4.26.2.1}{\376\377\0004\000.\0002\0006\000.\0002\000.\0001\000\040\000d\000e\000b\000l\000a\000n\000k\000\050\000\051}{subsection.4.26.2}% 103
\BOOKMARK [1][-]{section.4.27}{\376\377\0004\000.\0002\0007\000\040\000s\000t\000o\000r\000e\000.\000c\000\040\000F\000i\000l\000e\000\040\000R\000e\000f\000e\000r\000e\000n\000c\000e}{chapter.4}% 104
\BOOKMARK [2][-]{subsection.4.27.1}{\376\377\0004\000.\0002\0007\000.\0001\000\040\000D\000e\000t\000a\000i\000l\000e\000d\000\040\000D\000e\000s\000c\000r\000i\000p\000t\000i\000o\000n}{section.4.27}% 105
\BOOKMARK [2][-]{subsection.4.27.2}{\376\377\0004\000.\0002\0007\000.\0002\000\040\000F\000u\000n\000c\000t\000i\000o\000n\000\040\000D\000o\000c\000u\000m\000e\000n\000t\000a\000t\000i\000o\000n}{section.4.27}% 106
\BOOKMARK [3][-]{subsubsection.4.27.2.1}{\376\377\0004\000.\0002\0007\000.\0002\000.\0001\000\040\000s\000t\000o\000r\000e\000\137\000b\000i\000t\000\137\000f\000i\000e\000l\000d\000\050\000\051}{subsection.4.27.2}% 107
\BOOKMARK [1][-]{section.4.28}{\376\377\0004\000.\0002\0008\000\040\000s\000u\000m\000.\000c\000\040\000F\000i\000l\000e\000\040\000R\000e\000f\000e\000r\000e\000n\000c\000e}{chapter.4}% 108
\BOOKMARK [2][-]{subsection.4.28.1}{\376\377\0004\000.\0002\0008\000.\0001\000\040\000D\000e\000t\000a\000i\000l\000e\000d\000\040\000D\000e\000s\000c\000r\000i\000p\000t\000i\000o\000n}{section.4.28}% 109
\BOOKMARK [1][-]{section.4.29}{\376\377\0004\000.\0002\0009\000\040\000t\000e\000s\000t\000\137\000s\000i\000n\000g\000l\000y\000\137\000l\000i\000n\000k\000e\000d\000\137\000l\000i\000s\000t\000.\000c\000\040\000F\000i\000l\000e\000\040\000R\000e\000f\000e\000r\000e\000n\000c\000e}{chapter.4}% 110
\BOOKMARK [2][-]{subsection.4.29.1}{\376\377\0004\000.\0002\0009\000.\0001\000\040\000D\000e\000t\000a\000i\000l\000e\000d\000\040\000D\000e\000s\000c\000r\000i\000p\000t\000i\000o\000n}{section.4.29}% 111
\BOOKMARK [2][-]{subsection.4.29.2}{\376\377\0004\000.\0002\0009\000.\0002\000\040\000F\000u\000n\000c\000t\000i\000o\000n\000\040\000D\000o\000c\000u\000m\000e\000n\000t\000a\000t\000i\000o\000n}{section.4.29}% 112
\BOOKMARK [3][-]{subsubsection.4.29.2.1}{\376\377\0004\000.\0002\0009\000.\0002\000.\0001\000\040\000p\000r\000i\000n\000t\000L\000i\000s\000t\000\050\000\051}{subsection.4.29.2}% 113
\BOOKMARK [1][-]{section.4.30}{\376\377\0004\000.\0003\0000\000\040\000t\000e\000s\000t\000\137\000s\000t\000a\000t\000i\000c\000.\000c\000\040\000F\000i\000l\000e\000\040\000R\000e\000f\000e\000r\000e\000n\000c\000e}{chapter.4}% 114
\BOOKMARK [2][-]{subsection.4.30.1}{\376\377\0004\000.\0003\0000\000.\0001\000\040\000D\000e\000t\000a\000i\000l\000e\000d\000\040\000D\000e\000s\000c\000r\000i\000p\000t\000i\000o\000n}{section.4.30}% 115
\BOOKMARK [1][-]{section.4.31}{\376\377\0004\000.\0003\0001\000\040\000t\000h\000i\000r\000t\000e\000e\000n\000\137\000f\000i\000v\000e\000.\000c\000\040\000F\000i\000l\000e\000\040\000R\000e\000f\000e\000r\000e\000n\000c\000e}{chapter.4}% 116
\BOOKMARK [2][-]{subsection.4.31.1}{\376\377\0004\000.\0003\0001\000.\0001\000\040\000D\000e\000t\000a\000i\000l\000e\000d\000\040\000D\000e\000s\000c\000r\000i\000p\000t\000i\000o\000n}{section.4.31}% 117
\BOOKMARK [0][-]{section*.54}{\376\377\000I\000n\000d\000e\000x}{}% 118
